# JRE version: OpenJDK Runtime Environment Temurin-21.0.9+10 (21.0.9+10) (build 21.0.9+10-LTS)
# Java VM: OpenJDK 64-Bit Server VM Temurin-21.0.9+10 (21.0.9+10-LTS, mixed mode, sharing, tiered, compressed oops, compressed class ptrs, parallel gc, windows-amd64)
GC Precious Log:
 CardTable entry size: 512
 CPUs: 8 total, 8 available
 Memory: 16177M
 Large Page Support: Disabled
 NUMA Support: Disabled
 Compressed Oops: Enabled (32-bit)
 Alignments: Space 512K, Generation 512K, Heap 2M
 Heap Min Capacity: 100M
 Heap Initial Capacity: 100M
 Heap Max Capacity: 2G
 Pre-touch: Disabled
 Parallel Workers: 8
Heap:
 PSYoungGen      total 8192K, used 6761K [0x00000000d5580000, 0x00000000d6200000, 0x0000000100000000)
  eden space 5120K, 80% used [0x00000000d5580000,0x00000000d5982640,0x00000000d5a80000)
  from space 3072K, 86% used [0x00000000d5f00000,0x00000000d6198000,0x00000000d6200000)
  to   space 3584K, 0% used [0x00000000d5b00000,0x00000000d5b00000,0x00000000d5e80000)
 ParOldGen       total 837120K, used 836838K [0x0000000080000000, 0x00000000b3180000, 0x00000000d5580000)
  object space 837120K, 99% used [0x0000000080000000,0x00000000b3139978,0x00000000b3180000)
 Metaspace       used 85248K, committed 87104K, reserved 1179648K
  class space    used 8661K, committed 9472K, reserved 1048576K
GC Heap History (20 events):
Event: 4628.550 GC heap before
{Heap before GC invocations=1205 (full 5):
 PSYoungGen      total 1536K, used 1408K [0x00000000d5580000, 0x00000000d5980000, 0x0000000100000000)
  eden space 1024K, 99% used [0x00000000d5580000,0x00000000d567fff8,0x00000000d5680000)
  from space 512K, 75% used [0x00000000d5900000,0x00000000d5960020,0x00000000d5980000)
  to   space 1024K, 0% used [0x00000000d5780000,0x00000000d5780000,0x00000000d5880000)
 ParOldGen       total 788992K, used 788826K [0x0000000080000000, 0x00000000b0280000, 0x00000000d5580000)
  object space 788992K, 99% used [0x0000000080000000,0x00000000b0256a10,0x00000000b0280000)
 Metaspace       used 85216K, committed 87040K, reserved 1179648K
  class space    used 8661K, committed 9472K, reserved 1048576K
}
Event: 4628.553 GC heap after
{Heap after GC invocations=1205 (full 5):
 PSYoungGen      total 2560K, used 704K [0x00000000d5580000, 0x00000000d5980000, 0x0000000100000000)
  eden space 1536K, 0% used [0x00000000d5580000,0x00000000d5580000,0x00000000d5700000)
  from space 1024K, 68% used [0x00000000d5780000,0x00000000d5830000,0x00000000d5880000)
  to   space 1024K, 0% used [0x00000000d5880000,0x00000000d5880000,0x00000000d5980000)
 ParOldGen       total 789504K, used 789146K [0x0000000080000000, 0x00000000b0300000, 0x00000000d5580000)
  object space 789504K, 99% used [0x0000000080000000,0x00000000b02a6a50,0x00000000b0300000)
 Metaspace       used 85216K, committed 87040K, reserved 1179648K
  class space    used 8661K, committed 9472K, reserved 1048576K
}
Event: 4628.562 GC heap before
{Heap before GC invocations=1206 (full 5):
 PSYoungGen      total 2560K, used 2240K [0x00000000d5580000, 0x00000000d5980000, 0x0000000100000000)
  eden space 1536K, 100% used [0x00000000d5580000,0x00000000d5700000,0x00000000d5700000)
  from space 1024K, 68% used [0x00000000d5780000,0x00000000d5830000,0x00000000d5880000)
  to   space 1024K, 0% used [0x00000000d5880000,0x00000000d5880000,0x00000000d5980000)
 ParOldGen       total 789504K, used 789146K [0x0000000080000000, 0x00000000b0300000, 0x00000000d5580000)
  object space 789504K, 99% used [0x0000000080000000,0x00000000b02a6a50,0x00000000b0300000)
 Metaspace       used 85216K, committed 87040K, reserved 1179648K
  class space    used 8661K, committed 9472K, reserved 1048576K
}
Event: 4628.570 GC heap after
{Heap after GC invocations=1206 (full 5):
 PSYoungGen      total 3072K, used 960K [0x00000000d5580000, 0x00000000d5980000, 0x0000000100000000)
  eden space 2048K, 0% used [0x00000000d5580000,0x00000000d5580000,0x00000000d5780000)
  from space 1024K, 93% used [0x00000000d5880000,0x00000000d5970000,0x00000000d5980000)
  to   space 1024K, 0% used [0x00000000d5780000,0x00000000d5780000,0x00000000d5880000)
 ParOldGen       total 790016K, used 789674K [0x0000000080000000, 0x00000000b0380000, 0x00000000d5580000)
  object space 790016K, 99% used [0x0000000080000000,0x00000000b032aa50,0x00000000b0380000)
 Metaspace       used 85216K, committed 87040K, reserved 1179648K
  class space    used 8661K, committed 9472K, reserved 1048576K
}
Event: 4628.583 GC heap before
{Heap before GC invocations=1207 (full 5):
 PSYoungGen      total 3072K, used 3008K [0x00000000d5580000, 0x00000000d5980000, 0x0000000100000000)
  eden space 2048K, 100% used [0x00000000d5580000,0x00000000d5780000,0x00000000d5780000)
  from space 1024K, 93% used [0x00000000d5880000,0x00000000d5970000,0x00000000d5980000)
  to   space 1024K, 0% used [0x00000000d5780000,0x00000000d5780000,0x00000000d5880000)
 ParOldGen       total 790016K, used 789674K [0x0000000080000000, 0x00000000b0380000, 0x00000000d5580000)
  object space 790016K, 99% used [0x0000000080000000,0x00000000b032aa50,0x00000000b0380000)
 Metaspace       used 85223K, committed 87040K, reserved 1179648K
  class space    used 8661K, committed 9472K, reserved 1048576K
}
Event: 4628.587 GC heap after
{Heap after GC invocations=1207 (full 5):
 PSYoungGen      total 3072K, used 1024K [0x00000000d5580000, 0x00000000d5e00000, 0x0000000100000000)
  eden space 2048K, 0% used [0x00000000d5580000,0x00000000d5580000,0x00000000d5780000)
  from space 1024K, 100% used [0x00000000d5780000,0x00000000d5880000,0x00000000d5880000)
  to   space 3072K, 0% used [0x00000000d5b00000,0x00000000d5b00000,0x00000000d5e00000)
 ParOldGen       total 791040K, used 790994K [0x0000000080000000, 0x00000000b0480000, 0x00000000d5580000)
  object space 791040K, 99% used [0x0000000080000000,0x00000000b0474a50,0x00000000b0480000)
 Metaspace       used 85223K, committed 87040K, reserved 1179648K
  class space    used 8661K, committed 9472K, reserved 1048576K
}
Event: 4628.595 GC heap before
{Heap before GC invocations=1208 (full 5):
 PSYoungGen      total 3072K, used 3072K [0x00000000d5580000, 0x00000000d5e00000, 0x0000000100000000)
  eden space 2048K, 100% used [0x00000000d5580000,0x00000000d5780000,0x00000000d5780000)
  from space 1024K, 100% used [0x00000000d5780000,0x00000000d5880000,0x00000000d5880000)
  to   space 3072K, 0% used [0x00000000d5b00000,0x00000000d5b00000,0x00000000d5e00000)
 ParOldGen       total 791040K, used 790994K [0x0000000080000000, 0x00000000b0480000, 0x00000000d5580000)
  object space 791040K, 99% used [0x0000000080000000,0x00000000b0474a50,0x00000000b0480000)
 Metaspace       used 85225K, committed 87040K, reserved 1179648K
  class space    used 8661K, committed 9472K, reserved 1048576K
}
Event: 4628.600 GC heap after
{Heap after GC invocations=1208 (full 5):
 PSYoungGen      total 4608K, used 1792K [0x00000000d5580000, 0x00000000d5d00000, 0x0000000100000000)
  eden space 2560K, 0% used [0x00000000d5580000,0x00000000d5580000,0x00000000d5800000)
  from space 2048K, 87% used [0x00000000d5b00000,0x00000000d5cc0000,0x00000000d5d00000)
  to   space 2048K, 0% used [0x00000000d5900000,0x00000000d5900000,0x00000000d5b00000)
 ParOldGen       total 792064K, used 791946K [0x0000000080000000, 0x00000000b0580000, 0x00000000d5580000)
  object space 792064K, 99% used [0x0000000080000000,0x00000000b0562a50,0x00000000b0580000)
 Metaspace       used 85225K, committed 87040K, reserved 1179648K
  class space    used 8661K, committed 9472K, reserved 1048576K
}
Event: 4628.620 GC heap before
{Heap before GC invocations=1209 (full 5):
 PSYoungGen      total 4608K, used 4352K [0x00000000d5580000, 0x00000000d5d00000, 0x0000000100000000)
  eden space 2560K, 100% used [0x00000000d5580000,0x00000000d5800000,0x00000000d5800000)
  from space 2048K, 87% used [0x00000000d5b00000,0x00000000d5cc0000,0x00000000d5d00000)
  to   space 2048K, 0% used [0x00000000d5900000,0x00000000d5900000,0x00000000d5b00000)
 ParOldGen       total 792064K, used 791946K [0x0000000080000000, 0x00000000b0580000, 0x00000000d5580000)
  object space 792064K, 99% used [0x0000000080000000,0x00000000b0562a50,0x00000000b0580000)
 Metaspace       used 85226K, committed 87040K, reserved 1179648K
  class space    used 8661K, committed 9472K, reserved 1048576K
}
Event: 4628.626 GC heap after
{Heap after GC invocations=1209 (full 5):
 PSYoungGen      total 5120K, used 2042K [0x00000000d5580000, 0x00000000d6080000, 0x0000000100000000)
  eden space 3072K, 0% used [0x00000000d5580000,0x00000000d5580000,0x00000000d5880000)
  from space 2048K, 99% used [0x00000000d5900000,0x00000000d5afe800,0x00000000d5b00000)
  to   space 4096K, 0% used [0x00000000d5c80000,0x00000000d5c80000,0x00000000d6080000)
 ParOldGen       total 794112K, used 793634K [0x0000000080000000, 0x00000000b0780000, 0x00000000d5580000)
  object space 794112K, 99% used [0x0000000080000000,0x00000000b0708938,0x00000000b0780000)
 Metaspace       used 85226K, committed 87040K, reserved 1179648K
  class space    used 8661K, committed 9472K, reserved 1048576K
}
Event: 4628.702 GC heap before
{Heap before GC invocations=1210 (full 5):
 PSYoungGen      total 5120K, used 5114K [0x00000000d5580000, 0x00000000d6080000, 0x0000000100000000)
  eden space 3072K, 100% used [0x00000000d5580000,0x00000000d5880000,0x00000000d5880000)
  from space 2048K, 99% used [0x00000000d5900000,0x00000000d5afe800,0x00000000d5b00000)
  to   space 4096K, 0% used [0x00000000d5c80000,0x00000000d5c80000,0x00000000d6080000)
 ParOldGen       total 825856K, used 824354K [0x0000000080000000, 0x00000000b2680000, 0x00000000d5580000)
  object space 825856K, 99% used [0x0000000080000000,0x00000000b2508968,0x00000000b2680000)
 Metaspace       used 85226K, committed 87040K, reserved 1179648K
  class space    used 8661K, committed 9472K, reserved 1048576K
}
Event: 4628.708 GC heap after
{Heap after GC invocations=1210 (full 5):
 PSYoungGen      total 6144K, used 1208K [0x00000000d5580000, 0x00000000d5e80000, 0x0000000100000000)
  eden space 4096K, 0% used [0x00000000d5580000,0x00000000d5580000,0x00000000d5980000)
  from space 2048K, 58% used [0x00000000d5c80000,0x00000000d5dae000,0x00000000d5e80000)
  to   space 2560K, 0% used [0x00000000d5980000,0x00000000d5980000,0x00000000d5c00000)
 ParOldGen       total 826368K, used 825934K [0x0000000080000000, 0x00000000b2700000, 0x00000000d5580000)
  object space 826368K, 99% used [0x0000000080000000,0x00000000b2693978,0x00000000b2700000)
 Metaspace       used 85226K, committed 87040K, reserved 1179648K
  class space    used 8661K, committed 9472K, reserved 1048576K
}
Event: 4628.782 GC heap before
{Heap before GC invocations=1211 (full 5):
 PSYoungGen      total 6144K, used 4850K [0x00000000d5580000, 0x00000000d5e80000, 0x0000000100000000)
  eden space 4096K, 88% used [0x00000000d5580000,0x00000000d590ebf0,0x00000000d5980000)
  from space 2048K, 58% used [0x00000000d5c80000,0x00000000d5dae000,0x00000000d5e80000)
  to   space 2560K, 0% used [0x00000000d5980000,0x00000000d5980000,0x00000000d5c00000)
 ParOldGen       total 826368K, used 825934K [0x0000000080000000, 0x00000000b2700000, 0x00000000d5580000)
  object space 826368K, 99% used [0x0000000080000000,0x00000000b2693978,0x00000000b2700000)
 Metaspace       used 85227K, committed 87040K, reserved 1179648K
  class space    used 8661K, committed 9472K, reserved 1048576K
}
Event: 4628.787 GC heap after
{Heap after GC invocations=1211 (full 5):
 PSYoungGen      total 6656K, used 2560K [0x00000000d5580000, 0x00000000d6380000, 0x0000000100000000)
  eden space 4096K, 0% used [0x00000000d5580000,0x00000000d5580000,0x00000000d5980000)
  from space 2560K, 100% used [0x00000000d5980000,0x00000000d5c00000,0x00000000d5c00000)
  to   space 4608K, 0% used [0x00000000d5f00000,0x00000000d5f00000,0x00000000d6380000)
 ParOldGen       total 827392K, used 827102K [0x0000000080000000, 0x00000000b2800000, 0x00000000d5580000)
  object space 827392K, 99% used [0x0000000080000000,0x00000000b27b7978,0x00000000b2800000)
 Metaspace       used 85227K, committed 87040K, reserved 1179648K
  class space    used 8661K, committed 9472K, reserved 1048576K
}
Event: 4628.916 GC heap before
{Heap before GC invocations=1212 (full 5):
 PSYoungGen      total 6656K, used 6656K [0x00000000d5580000, 0x00000000d6380000, 0x0000000100000000)
  eden space 4096K, 100% used [0x00000000d5580000,0x00000000d5980000,0x00000000d5980000)
  from space 2560K, 100% used [0x00000000d5980000,0x00000000d5c00000,0x00000000d5c00000)
  to   space 4608K, 0% used [0x00000000d5f00000,0x00000000d5f00000,0x00000000d6380000)
 ParOldGen       total 827392K, used 827102K [0x0000000080000000, 0x00000000b2800000, 0x00000000d5580000)
  object space 827392K, 99% used [0x0000000080000000,0x00000000b27b7978,0x00000000b2800000)
 Metaspace       used 85227K, committed 87040K, reserved 1179648K
  class space    used 8661K, committed 9472K, reserved 1048576K
}
Event: 4628.924 GC heap after
{Heap after GC invocations=1212 (full 5):
 PSYoungGen      total 8704K, used 4152K [0x00000000d5580000, 0x00000000d6380000, 0x0000000100000000)
  eden space 4096K, 0% used [0x00000000d5580000,0x00000000d5580000,0x00000000d5980000)
  from space 4608K, 90% used [0x00000000d5f00000,0x00000000d630e000,0x00000000d6380000)
  to   space 4608K, 0% used [0x00000000d5a80000,0x00000000d5a80000,0x00000000d5f00000)
 ParOldGen       total 828928K, used 828590K [0x0000000080000000, 0x00000000b2980000, 0x00000000d5580000)
  object space 828928K, 99% used [0x0000000080000000,0x00000000b292b978,0x00000000b2980000)
 Metaspace       used 85227K, committed 87040K, reserved 1179648K
  class space    used 8661K, committed 9472K, reserved 1048576K
}
Event: 4628.944 GC heap before
{Heap before GC invocations=1213 (full 5):
 PSYoungGen      total 8704K, used 8248K [0x00000000d5580000, 0x00000000d6380000, 0x0000000100000000)
  eden space 4096K, 100% used [0x00000000d5580000,0x00000000d5980000,0x00000000d5980000)
  from space 4608K, 90% used [0x00000000d5f00000,0x00000000d630e000,0x00000000d6380000)
  to   space 4608K, 0% used [0x00000000d5a80000,0x00000000d5a80000,0x00000000d5f00000)
 ParOldGen       total 828928K, used 828590K [0x0000000080000000, 0x00000000b2980000, 0x00000000d5580000)
  object space 828928K, 99% used [0x0000000080000000,0x00000000b292b978,0x00000000b2980000)
 Metaspace       used 85227K, committed 87040K, reserved 1179648K
  class space    used 8661K, committed 9472K, reserved 1048576K
}
Event: 4628.952 GC heap after
{Heap after GC invocations=1213 (full 5):
 PSYoungGen      total 9728K, used 4256K [0x00000000d5580000, 0x00000000d6380000, 0x0000000100000000)
  eden space 5120K, 0% used [0x00000000d5580000,0x00000000d5580000,0x00000000d5a80000)
  from space 4608K, 92% used [0x00000000d5a80000,0x00000000d5ea8000,0x00000000d5f00000)
  to   space 4608K, 0% used [0x00000000d5f00000,0x00000000d5f00000,0x00000000d6380000)
 ParOldGen       total 833024K, used 832718K [0x0000000080000000, 0x00000000b2d80000, 0x00000000d5580000)
  object space 833024K, 99% used [0x0000000080000000,0x00000000b2d33978,0x00000000b2d80000)
 Metaspace       used 85227K, committed 87040K, reserved 1179648K
  class space    used 8661K, committed 9472K, reserved 1048576K
}
Event: 4814.568 GC heap before
{Heap before GC invocations=1214 (full 5):
 PSYoungGen      total 9728K, used 9375K [0x00000000d5580000, 0x00000000d6380000, 0x0000000100000000)
  eden space 5120K, 99% used [0x00000000d5580000,0x00000000d5a7ff88,0x00000000d5a80000)
  from space 4608K, 92% used [0x00000000d5a80000,0x00000000d5ea8000,0x00000000d5f00000)
  to   space 4608K, 0% used [0x00000000d5f00000,0x00000000d5f00000,0x00000000d6380000)
 ParOldGen       total 833024K, used 832718K [0x0000000080000000, 0x00000000b2d80000, 0x00000000d5580000)
  object space 833024K, 99% used [0x0000000080000000,0x00000000b2d33978,0x00000000b2d80000)
 Metaspace       used 85235K, committed 87104K, reserved 1179648K
  class space    used 8661K, committed 9472K, reserved 1048576K
}
Event: 4814.574 GC heap after
{Heap after GC invocations=1214 (full 5):
 PSYoungGen      total 8192K, used 2656K [0x00000000d5580000, 0x00000000d6200000, 0x0000000100000000)
  eden space 5120K, 0% used [0x00000000d5580000,0x00000000d5580000,0x00000000d5a80000)
  from space 3072K, 86% used [0x00000000d5f00000,0x00000000d6198000,0x00000000d6200000)
  to   space 3584K, 0% used [0x00000000d5b00000,0x00000000d5b00000,0x00000000d5e80000)
 ParOldGen       total 837120K, used 836838K [0x0000000080000000, 0x00000000b3180000, 0x00000000d5580000)
  object space 837120K, 99% used [0x0000000080000000,0x00000000b3139978,0x00000000b3180000)
 Metaspace       used 85235K, committed 87104K, reserved 1179648K
  class space    used 8661K, committed 9472K, reserved 1048576K
}

